#
# There is insufficient memory for the Java Runtime Environment to continue.
# Native memory allocation (mmap) failed to map 104857600 bytes. Error detail: G1 virtual space
# Possible reasons:
#   The system is out of physical RAM or swap space
#   This process is running with CompressedOops enabled, and the Java Heap may be blocking the growth of the native heap
# Possible solutions:
#   Reduce memory load on the system
#   Increase physical memory or swap space
#   Check if swap backing store is full
#   Decrease Java heap size (-Xmx/-Xms)
#   Decrease number of Java threads
#   Decrease Java thread stack sizes (-Xss)
#   Set larger code cache with -XX:ReservedCodeCacheSize=
#   JVM is running with Zero Based Compressed Oops mode in which the Java heap is
#     placed in the first 32GB address space. The Java Heap base address is the
#     maximum limit for the native heap growth. Please use -XX:HeapBaseMinAddress
#     to set the Java Heap base and to place the Java Heap above 32GB virtual address.
# This output file may be truncated or incomplete.
#
#  Out of Memory Error (os_windows.cpp:3631), pid=26208, tid=27656
#
# JRE version: Java(TM) SE Runtime Environment (22.0.2+9) (build 22.0.2+9-70)
# Java VM: Java HotSpot(TM) 64-Bit Server VM (22.0.2+9-70, mixed mode, sharing, tiered, compressed oops, compressed class ptrs, g1 gc, windows-amd64)
# No core dump will be written. Minidumps are not enabled by default on client versions of Windows
#

---------------  S U M M A R Y ------------

Command Line: com.reminderU.reminderU.ReminderUApplication

Host: AMD Ryzen 7 3700X 8-Core Processor             , 16 cores, 15G,  Windows 11 , 64 bit Build 26100 (10.0.26100.5074)
Time: Tue Sep 30 03:34:02 2025 Central America Standard Time elapsed time: 3.638513 seconds (0d 0h 0m 3s)

---------------  T H R E A D  ---------------

Current thread (0x0000023db1c100f0):  VMThread "VM Thread"          [id=27656, stack(0x0000005961000000,0x0000005961100000) (1024K)]

Stack: [0x0000005961000000,0x0000005961100000]
Native frames: (J=compiled Java code, j=interpreted, Vv=VM code, C=native code)
V  [jvm.dll+0x6e26e9]  (no source info available)
V  [jvm.dll+0x875753]  (no source info available)
V  [jvm.dll+0x877b7e]  (no source info available)
V  [jvm.dll+0x878253]  (no source info available)
V  [jvm.dll+0x27fc86]  (no source info available)
V  [jvm.dll+0x6ded85]  (no source info available)
V  [jvm.dll+0x6d388a]  (no source info available)
V  [jvm.dll+0x358b8a]  (no source info available)
V  [jvm.dll+0x3610b6]  (no source info available)
V  [jvm.dll+0x3b419e]  (no source info available)
V  [jvm.dll+0x3b4448]  (no source info available)
V  [jvm.dll+0x32c5ec]  (no source info available)
V  [jvm.dll+0x32c677]  (no source info available)
V  [jvm.dll+0x37244c]  (no source info available)
V  [jvm.dll+0x370b46]  (no source info available)
V  [jvm.dll+0x32bcd7]  (no source info available)
V  [jvm.dll+0x370304]  (no source info available)
V  [jvm.dll+0x87e0f0]  (no source info available)
V  [jvm.dll+0x87f477]  (no source info available)
V  [jvm.dll+0x87f9f0]  (no source info available)
V  [jvm.dll+0x87fc93]  (no source info available)
V  [jvm.dll+0x81dc0b]  (no source info available)
V  [jvm.dll+0x6e0d85]  (no source info available)
C  [ucrtbase.dll+0x37b0]  (no source info available)
C  [KERNEL32.DLL+0x2e8d7]  (no source info available)
C  [ntdll.dll+0x8d9c]  (no source info available)

VM_Operation (0x00000059621f8ec0): G1CollectForAllocation, mode: safepoint, requested by thread 0x0000023df81c6b70


---------------  P R O C E S S  ---------------

Threads class SMR info:
_java_thread_list=0x0000023dfad54c20, length=27, elements={
0x0000023d901c2370, 0x0000023db1c2a110, 0x0000023db2180080, 0x0000023db2182fe0,
0x0000023db2187b90, 0x0000023db2188720, 0x0000023db218b4f0, 0x0000023db218e3b0,
0x0000023db21d3ab0, 0x0000023db21d11d0, 0x0000023db23191e0, 0x0000023db236efd0,
0x0000023db21d4180, 0x0000023db21d1f70, 0x0000023db21d33e0, 0x0000023db21d2640,
0x0000023df81996f0, 0x0000023df81c6b70, 0x0000023db21d4850, 0x0000023db21d2d10,
0x0000023dfcb31280, 0x0000023dfced52d0, 0x0000023dfc1eca80, 0x0000023dfb263800,
0x0000023df8656e90, 0x0000023df8655ae0, 0x0000023df8656800
}

Java Threads: ( => current thread )
  0x0000023d901c2370 JavaThread "main"                              [_thread_blocked, id=10424, stack(0x0000005960900000,0x0000005960a00000) (1024K)]
  0x0000023db1c2a110 JavaThread "Reference Handler"          daemon [_thread_blocked, id=20968, stack(0x0000005961100000,0x0000005961200000) (1024K)]
  0x0000023db2180080 JavaThread "Finalizer"                  daemon [_thread_blocked, id=15992, stack(0x0000005961200000,0x0000005961300000) (1024K)]
  0x0000023db2182fe0 JavaThread "Signal Dispatcher"          daemon [_thread_blocked, id=24712, stack(0x0000005961300000,0x0000005961400000) (1024K)]
  0x0000023db2187b90 JavaThread "Attach Listener"            daemon [_thread_blocked, id=26952, stack(0x0000005961400000,0x0000005961500000) (1024K)]
  0x0000023db2188720 JavaThread "Service Thread"             daemon [_thread_blocked, id=25096, stack(0x0000005961500000,0x0000005961600000) (1024K)]
  0x0000023db218b4f0 JavaThread "Monitor Deflation Thread"   daemon [_thread_blocked, id=7028, stack(0x0000005961600000,0x0000005961700000) (1024K)]
  0x0000023db218e3b0 JavaThread "C2 CompilerThread0"         daemon [_thread_blocked, id=22868, stack(0x0000005961700000,0x0000005961800000) (1024K)]
  0x0000023db21d3ab0 JavaThread "C1 CompilerThread0"         daemon [_thread_blocked, id=12860, stack(0x0000005961800000,0x0000005961900000) (1024K)]
  0x0000023db21d11d0 JavaThread "C1 CompilerThread1"         daemon [_thread_blocked, id=22672, stack(0x0000005961900000,0x0000005961a00000) (1024K)]
  0x0000023db23191e0 JavaThread "Notification Thread"        daemon [_thread_blocked, id=18660, stack(0x0000005961a00000,0x0000005961b00000) (1024K)]
  0x0000023db236efd0 JavaThread "Common-Cleaner"             daemon [_thread_blocked, id=4576, stack(0x0000005961b00000,0x0000005961c00000) (1024K)]
  0x0000023db21d4180 JavaThread "C2 CompilerThread1"         daemon [_thread_blocked, id=9420, stack(0x0000005961c00000,0x0000005961d00000) (1024K)]
  0x0000023db21d1f70 JavaThread "C2 CompilerThread2"         daemon [_thread_blocked, id=11300, stack(0x0000005961d00000,0x0000005961e00000) (1024K)]
  0x0000023db21d33e0 JavaThread "C1 CompilerThread2"         daemon [_thread_blocked, id=28516, stack(0x0000005961e00000,0x0000005961f00000) (1024K)]
  0x0000023db21d2640 JavaThread "C1 CompilerThread3"         daemon [_thread_blocked, id=1588, stack(0x0000005961f00000,0x0000005962000000) (1024K)]
  0x0000023df81996f0 JavaThread "Thread-0"                          [_thread_blocked, id=28400, stack(0x0000005962000000,0x0000005962100000) (1024K)]
  0x0000023df81c6b70 JavaThread "restartedMain"                     [_thread_blocked, id=27628, stack(0x0000005962100000,0x0000005962200000) (1024K)]
  0x0000023db21d4850 JavaThread "C2 CompilerThread3"         daemon [_thread_blocked, id=20588, stack(0x0000005962700000,0x0000005962800000) (1024K)]
  0x0000023db21d2d10 JavaThread "C2 CompilerThread4"         daemon [_thread_blocked, id=404, stack(0x0000005962800000,0x0000005962900000) (1024K)]
  0x0000023dfcb31280 JavaThread "C2 CompilerThread5"         daemon [_thread_blocked, id=2832, stack(0x0000005962900000,0x0000005962a00000) (1024K)]
  0x0000023dfced52d0 JavaThread "Catalina-utility-1"                [_thread_blocked, id=8608, stack(0x0000005963300000,0x0000005963400000) (1024K)]
  0x0000023dfc1eca80 JavaThread "Catalina-utility-2"                [_thread_blocked, id=17476, stack(0x0000005963400000,0x0000005963500000) (1024K)]
  0x0000023dfb263800 JavaThread "container-0"                       [_thread_blocked, id=28640, stack(0x0000005963500000,0x0000005963600000) (1024K)]
  0x0000023df8656e90 JavaThread "mysql-cj-abandoned-connection-cleanup" daemon [_thread_blocked, id=22908, stack(0x0000005963600000,0x0000005963700000) (1024K)]
  0x0000023df8655ae0 JavaThread "HikariPool-1:housekeeper"   daemon [_thread_blocked, id=24840, stack(0x0000005963800000,0x0000005963900000) (1024K)]
  0x0000023df8656800 JavaThread "HikariPool-1:connection-adder" daemon [_thread_blocked, id=20060, stack(0x0000005963900000,0x0000005963a00000) (1024K)]
Total: 27

Other Threads:
=>0x0000023db1c100f0 VMThread "VM Thread"                           [id=27656, stack(0x0000005961000000,0x0000005961100000) (1024K)]
  0x0000023db1bf8710 WatcherThread "VM Periodic Task Thread"        [id=23588, stack(0x0000005960f00000,0x0000005961000000) (1024K)]
  0x0000023d92586b60 WorkerThread "GC Thread#0"                     [id=25644, stack(0x0000005960a00000,0x0000005960b00000) (1024K)]
  0x0000023df81cce10 WorkerThread "GC Thread#1"                     [id=27608, stack(0x0000005962200000,0x0000005962300000) (1024K)]
  0x0000023df81cd1c0 WorkerThread "GC Thread#2"                     [id=7036, stack(0x0000005962300000,0x0000005962400000) (1024K)]
  0x0000023df81cd570 WorkerThread "GC Thread#3"                     [id=26612, stack(0x0000005962400000,0x0000005962500000) (1024K)]
  0x0000023df81cfd40 WorkerThread "GC Thread#4"                     [id=11800, stack(0x0000005962500000,0x0000005962600000) (1024K)]
  0x0000023df81d00f0 WorkerThread "GC Thread#5"                     [id=12200, stack(0x0000005962600000,0x0000005962700000) (1024K)]
  0x0000023df83f1bf0 WorkerThread "GC Thread#6"                     [id=22848, stack(0x0000005962a00000,0x0000005962b00000) (1024K)]
  0x0000023df87d2d10 WorkerThread "GC Thread#7"                     [id=16420, stack(0x0000005962b00000,0x0000005962c00000) (1024K)]
  0x0000023df8775060 WorkerThread "GC Thread#8"                     [id=19592, stack(0x0000005962c00000,0x0000005962d00000) (1024K)]
  0x0000023df8410890 WorkerThread "GC Thread#9"                     [id=22892, stack(0x0000005962d00000,0x0000005962e00000) (1024K)]
  0x0000023dfb434610 WorkerThread "GC Thread#10"                    [id=2836, stack(0x0000005962e00000,0x0000005962f00000) (1024K)]
  0x0000023dfa4a7e90 WorkerThread "GC Thread#11"                    [id=17664, stack(0x0000005962f00000,0x0000005963000000) (1024K)]
  0x0000023dfbb7a380 WorkerThread "GC Thread#12"                    [id=17344, stack(0x0000005963000000,0x0000005963100000) (1024K)]
  0x0000023d925979e0 ConcurrentGCThread "G1 Main Marker"            [id=14428, stack(0x0000005960b00000,0x0000005960c00000) (1024K)]
  0x0000023d9259aa60 WorkerThread "G1 Conc#0"                       [id=25712, stack(0x0000005960c00000,0x0000005960d00000) (1024K)]
  0x0000023dfbb7a730 WorkerThread "G1 Conc#1"                       [id=20656, stack(0x0000005963100000,0x0000005963200000) (1024K)]
  0x0000023dfbb79fd0 WorkerThread "G1 Conc#2"                       [id=16396, stack(0x0000005963200000,0x0000005963300000) (1024K)]
  0x0000023db1ab91c0 ConcurrentGCThread "G1 Refine#0"               [id=21936, stack(0x0000005960d00000,0x0000005960e00000) (1024K)]
  0x0000023db1abaa00 ConcurrentGCThread "G1 Service"                [id=19572, stack(0x0000005960e00000,0x0000005960f00000) (1024K)]
Total: 21

Threads with active compile tasks:
C2 CompilerThread5  3691 5202   !   4       jdk.internal.loader.BuiltinClassLoader::findClassOnClassPathOrNull (64 bytes)
Total: 1

VM state: at safepoint (normal execution)

VM Mutex/Monitor currently owned by a thread:  ([mutex/lock_event])
[0x00007ffc309bcb80] Threads_lock - owner thread: 0x0000023db1c100f0
[0x00007ffc309bcc80] Heap_lock - owner thread: 0x0000023df81c6b70

Heap address: 0x0000000701600000, size: 4074 MB, Compressed Oops mode: Zero based, Oop shift amount: 3

CDS archive(s) mapped at: [0x0000023db3000000-0x0000023db3c60000-0x0000023db3c60000), size 12976128, SharedBaseAddress: 0x0000023db3000000, ArchiveRelocationMode: 1.
Compressed class space mapped at: 0x0000023db4000000-0x0000023df4000000, reserved size: 1073741824
Narrow klass base: 0x0000023db3000000, Narrow klass shift: 0, Narrow klass range: 0x41000000

GC Precious Log:
 CardTable entry size: 512
 Card Set container configuration: InlinePtr #cards 4 size 8 Array Of Cards #cards 16 size 48 Howl #buckets 8 coarsen threshold 3686 Howl Bitmap #cards 512 size 80 coarsen threshold 460 Card regions per heap region 1 cards per card region 4096
 CPUs: 16 total, 16 available
 Memory: 16294M
 Large Page Support: Disabled
 NUMA Support: Disabled
 Compressed Oops: Enabled (Zero based)
 Heap Region Size: 2M
 Heap Min Capacity: 8M
 Heap Initial Capacity: 256M
 Heap Max Capacity: 4074M
 Pre-touch: Disabled
 Parallel Workers: 13
 Concurrent Workers: 3
 Concurrent Refinement Workers: 13
 Periodic GC: Disabled

Heap:
 garbage-first heap   total reserved 4171776K, committed 59392K, used 25321K [0x0000000701600000, 0x0000000800000000)
  region size 2048K, 2 young (4096K), 2 survivors (4096K)
 Metaspace       used 41958K, committed 42496K, reserved 1114112K
  class space    used 5517K, committed 5760K, reserved 1048576K

Heap Regions: E=young(eden), S=young(survivor), O=old, HS=humongous(starts), HC=humongous(continues), CS=collection set, F=free, TAMS=top-at-mark-start, PB=parsable bottom
|   0|0x0000000701600000, 0x0000000701800000, 0x0000000701800000|100%| O|  |TAMS 0x0000000701600000| PB 0x0000000701600000| Untracked |  0
|   1|0x0000000701800000, 0x0000000701a00000, 0x0000000701a00000|100%| O|  |TAMS 0x0000000701800000| PB 0x0000000701800000| Untracked |  0
|   2|0x0000000701a00000, 0x0000000701c00000, 0x0000000701c00000|100%| O|  |TAMS 0x0000000701a00000| PB 0x0000000701a00000| Untracked |  0
|   3|0x0000000701c00000, 0x0000000701e00000, 0x0000000701e00000|100%| O|  |TAMS 0x0000000701c00000| PB 0x0000000701c00000| Untracked |  0
|   4|0x0000000701e00000, 0x0000000702000000, 0x0000000702000000|100%| O|  |TAMS 0x0000000701e00000| PB 0x0000000701e00000| Untracked |  0
|   5|0x0000000702000000, 0x0000000702200000, 0x0000000702200000|100%| O|  |TAMS 0x0000000702000000| PB 0x0000000702000000| Untracked |  0
|   6|0x0000000702200000, 0x0000000702400000, 0x0000000702400000|100%| O|  |TAMS 0x0000000702200000| PB 0x0000000702200000| Untracked |  0
|   7|0x0000000702400000, 0x0000000702600000, 0x0000000702600000|100%| O|  |TAMS 0x0000000702400000| PB 0x0000000702400000| Untracked |  0
|   8|0x0000000702600000, 0x0000000702800000, 0x0000000702800000|100%| O|Cm|TAMS 0x0000000702600000| PB 0x0000000702600000| Complete |  0
|   9|0x0000000702800000, 0x0000000702a00000, 0x0000000702a00000|100%| O|  |TAMS 0x0000000702800000| PB 0x0000000702800000| Untracked |  0
|  10|0x0000000702a00000, 0x0000000702ad0f20, 0x0000000702c00000| 40%| O|  |TAMS 0x0000000702a00000| PB 0x0000000702a00000| Untracked |  0
|  11|0x0000000702c00000, 0x0000000702c00000, 0x0000000702e00000|  0%| F|  |TAMS 0x0000000702c00000| PB 0x0000000702c00000| Untracked |  0
|  12|0x0000000702e00000, 0x0000000702e00000, 0x0000000703000000|  0%| F|  |TAMS 0x0000000702e00000| PB 0x0000000702e00000| Untracked |  0
|  13|0x0000000703000000, 0x0000000703000000, 0x0000000703200000|  0%| F|  |TAMS 0x0000000703000000| PB 0x0000000703000000| Untracked |  0
|  14|0x0000000703200000, 0x00000007033e96f0, 0x0000000703400000| 95%| S|CS|TAMS 0x0000000703200000| PB 0x0000000703200000| Complete |  0
|  15|0x0000000703400000, 0x0000000703600000, 0x0000000703600000|100%| S|CS|TAMS 0x0000000703400000| PB 0x0000000703400000| Complete |  0
|  16|0x0000000703600000, 0x0000000703600000, 0x0000000703800000|  0%| F|  |TAMS 0x0000000703600000| PB 0x0000000703600000| Untracked |  0
|  17|0x0000000703800000, 0x0000000703800000, 0x0000000703a00000|  0%| F|  |TAMS 0x0000000703800000| PB 0x0000000703800000| Untracked |  0
|  18|0x0000000703a00000, 0x0000000703a00000, 0x0000000703c00000|  0%| F|  |TAMS 0x0000000703a00000| PB 0x0000000703a00000| Untracked |  0
|  19|0x0000000703c00000, 0x0000000703c00000, 0x0000000703e00000|  0%| F|  |TAMS 0x0000000703c00000| PB 0x0000000703c00000| Untracked |  0
|  20|0x0000000703e00000, 0x0000000703e00000, 0x0000000704000000|  0%| F|  |TAMS 0x0000000703e00000| PB 0x0000000703e00000| Untracked |  0
|  21|0x0000000704000000, 0x0000000704000000, 0x0000000704200000|  0%| F|  |TAMS 0x0000000704000000| PB 0x0000000704000000| Untracked |  0
|  22|0x0000000704200000, 0x0000000704200000, 0x0000000704400000|  0%| F|  |TAMS 0x0000000704200000| PB 0x0000000704200000| Untracked |  0
|  23|0x0000000704400000, 0x0000000704400000, 0x0000000704600000|  0%| F|  |TAMS 0x0000000704400000| PB 0x0000000704400000| Untracked |  0
|  24|0x0000000704600000, 0x0000000704600000, 0x0000000704800000|  0%| F|  |TAMS 0x0000000704600000| PB 0x0000000704600000| Untracked |  0
| 104|0x000000070e600000, 0x000000070e600000, 0x000000070e800000|  0%| F|  |TAMS 0x000000070e600000| PB 0x000000070e600000| Untracked |  0
| 105|0x000000070e800000, 0x000000070e800000, 0x000000070ea00000|  0%| F|  |TAMS 0x000000070e800000| PB 0x000000070e800000| Untracked |  0
| 106|0x000000070ea00000, 0x000000070ea00000, 0x000000070ec00000|  0%| F|  |TAMS 0x000000070ea00000| PB 0x000000070ea00000| Untracked |  0
| 127|0x0000000711400000, 0x0000000711400000, 0x0000000711600000|  0%| F|  |TAMS 0x0000000711400000| PB 0x0000000711400000| Untracked |  0

Card table byte_map: [0x0000023daa8f0000,0x0000023dab0f0000] _byte_map_base: 0x0000023da70e5000

Marking Bits: (CMBitMap*) 0x0000023d92587270
 Bits: [0x0000023dab0f0000, 0x0000023daf098000)

Polling page: 0x0000023d90440000

Metaspace:

Usage:
  Non-class:     35.59 MB used.
      Class:      5.39 MB used.
       Both:     40.98 MB used.

Virtual space:
  Non-class space:       64.00 MB reserved,      35.88 MB ( 56%) committed,  1 nodes.
      Class space:        1.00 GB reserved,       5.62 MB ( <1%) committed,  1 nodes.
             Both:        1.06 GB reserved,      41.50 MB (  4%) committed. 

Chunk freelists:
   Non-Class:  12.00 MB
       Class:  10.38 MB
        Both:  22.38 MB

MaxMetaspaceSize: unlimited
CompressedClassSpaceSize: 1.00 GB
Initial GC threshold: 21.00 MB
Current GC threshold: 58.75 MB
CDS: on
 - commit_granule_bytes: 65536.
 - commit_granule_words: 8192.
 - virtual_space_node_default_size: 8388608.
 - enlarge_chunks_in_place: 1.
 - use_allocation_guard: 0.


Internal statistics:

num_allocs_failed_limit: 6.
num_arena_births: 710.
num_arena_deaths: 0.
num_vsnodes_births: 2.
num_vsnodes_deaths: 0.
num_space_committed: 664.
num_space_uncommitted: 0.
num_chunks_returned_to_freelist: 6.
num_chunks_taken_from_freelist: 2228.
num_chunk_merges: 6.
num_chunk_splits: 1516.
num_chunks_enlarged: 1115.
num_inconsistent_stats: 0.

CodeHeap 'non-profiled nmethods': size=119168Kb used=3629Kb max_used=3629Kb free=115538Kb
 bounds [0x0000023da2400000, 0x0000023da2790000, 0x0000023da9860000]
CodeHeap 'profiled nmethods': size=119104Kb used=10275Kb max_used=10754Kb free=108828Kb
 bounds [0x0000023d9a860000, 0x0000023d9b2f0000, 0x0000023da1cb0000]
CodeHeap 'non-nmethods': size=7488Kb used=3242Kb max_used=3309Kb free=4245Kb
 bounds [0x0000023da1cb0000, 0x0000023da2000000, 0x0000023da2400000]
 total_blobs=5542 nmethods=4925 adapters=518
 compilation: enabled
              stopped_count=0, restarted_count=0
 full_count=0

Compilation events (20 events):
Event: 3.598 Thread 0x0000023db21d33e0 5301       3       java.util.concurrent.ConcurrentHashMap::getOrDefault (16 bytes)
Event: 3.598 Thread 0x0000023db21d3ab0 nmethod 5300 0x0000023d9ac57d90 code [0x0000023d9ac57f40, 0x0000023d9ac58270]
Event: 3.598 Thread 0x0000023db21d33e0 nmethod 5301 0x0000023d9aaee710 code [0x0000023d9aaee8c0, 0x0000023d9aaeea68]
Event: 3.603 Thread 0x0000023db218e3b0 nmethod 5144 0x0000023da2773a90 code [0x0000023da2774560, 0x0000023da277b560]
Event: 3.609 Thread 0x0000023db21d1f70 nmethod 5267 0x0000023da2781610 code [0x0000023da2781a60, 0x0000023da2784520]
Event: 3.610 Thread 0x0000023db21d2d10 5302       4       java.util.jar.JarFile::getVersionedEntry (133 bytes)
Event: 3.610 Thread 0x0000023db21d11d0 5303   !   3       jdk.internal.loader.URLClassPath$JarLoader::getResource (40 bytes)
Event: 3.610 Thread 0x0000023db21d4180 5304       4       java.lang.AbstractStringBuilder::append (45 bytes)
Event: 3.610 Thread 0x0000023db21d3ab0 5305       3       java.util.jar.JarFile::getEntry (35 bytes)
Event: 3.611 Thread 0x0000023db21d33e0 5306       3       jdk.internal.loader.URLClassPath::getResource (74 bytes)
Event: 3.611 Thread 0x0000023db21d3ab0 nmethod 5305 0x0000023d9ab2a310 code [0x0000023d9ab2a500, 0x0000023d9ab2a968]
Event: 3.611 Thread 0x0000023db21d11d0 nmethod 5303 0x0000023d9a868a90 code [0x0000023d9a868c80, 0x0000023d9a8691f8]
Event: 3.611 Thread 0x0000023db21d33e0 nmethod 5306 0x0000023d9a86a690 code [0x0000023d9a86a860, 0x0000023d9a86abb8]
Event: 3.612 Thread 0x0000023db218e3b0 5307       4       java.lang.StringBuilder::append (8 bytes)
Event: 3.614 Thread 0x0000023db21d4180 nmethod 5304 0x0000023da2785910 code [0x0000023da2785ae0, 0x0000023da2785ef0]
Event: 3.614 Thread 0x0000023db21d2640 5308       3       jdk.internal.reflect.ReflectionFactory::newConstructorAccessor (65 bytes)
Event: 3.615 Thread 0x0000023db21d2640 nmethod 5308 0x0000023d9a947010 code [0x0000023d9a947220, 0x0000023d9a947778]
Event: 3.615 Thread 0x0000023db218e3b0 nmethod 5307 0x0000023da2786190 code [0x0000023da2786360, 0x0000023da2786770]
Event: 3.624 Thread 0x0000023db21d2d10 nmethod 5302 0x0000023da2786a90 code [0x0000023da2786ca0, 0x0000023da2787960]
Event: 3.628 Thread 0x0000023db21d4850 nmethod 5278 0x0000023da2787e90 code [0x0000023da2788220, 0x0000023da2789ed0]

GC Heap History (15 events):
Event: 0.495 GC heap before
{Heap before GC invocations=0 (full 0):
 garbage-first heap   total reserved 4171776K, committed 262144K, used 22528K [0x0000000701600000, 0x0000000800000000)
  region size 2048K, 12 young (24576K), 0 survivors (0K)
 Metaspace       used 4194K, committed 4416K, reserved 1114112K
  class space    used 480K, committed 576K, reserved 1048576K
}
Event: 0.499 GC heap after
{Heap after GC invocations=1 (full 0):
 garbage-first heap   total reserved 4171776K, committed 262144K, used 7904K [0x0000000701600000, 0x0000000800000000)
  region size 2048K, 2 young (4096K), 2 survivors (4096K)
 Metaspace       used 4194K, committed 4416K, reserved 1114112K
  class space    used 480K, committed 576K, reserved 1048576K
}
Event: 0.993 GC heap before
{Heap before GC invocations=1 (full 0):
 garbage-first heap   total reserved 4171776K, committed 262144K, used 36576K [0x0000000701600000, 0x0000000800000000)
  region size 2048K, 17 young (34816K), 2 survivors (4096K)
 Metaspace       used 12142K, committed 12480K, reserved 1114112K
  class space    used 1572K, committed 1728K, reserved 1048576K
}
Event: 0.996 GC heap after
{Heap after GC invocations=2 (full 0):
 garbage-first heap   total reserved 4171776K, committed 262144K, used 9906K [0x0000000701600000, 0x0000000800000000)
  region size 2048K, 2 young (4096K), 2 survivors (4096K)
 Metaspace       used 12142K, committed 12480K, reserved 1114112K
  class space    used 1572K, committed 1728K, reserved 1048576K
}
Event: 1.357 GC heap before
{Heap before GC invocations=2 (full 0):
 garbage-first heap   total reserved 4171776K, committed 262144K, used 44722K [0x0000000701600000, 0x0000000800000000)
  region size 2048K, 21 young (43008K), 2 survivors (4096K)
 Metaspace       used 21130K, committed 21504K, reserved 1114112K
  class space    used 2679K, committed 2880K, reserved 1048576K
}
Event: 1.361 GC heap after
{Heap after GC invocations=3 (full 0):
 garbage-first heap   total reserved 4171776K, committed 262144K, used 13035K [0x0000000701600000, 0x0000000800000000)
  region size 2048K, 3 young (6144K), 3 survivors (6144K)
 Metaspace       used 21130K, committed 21504K, reserved 1114112K
  class space    used 2679K, committed 2880K, reserved 1048576K
}
Event: 1.772 GC heap before
{Heap before GC invocations=4 (full 0):
 garbage-first heap   total reserved 4171776K, committed 49152K, used 47851K [0x0000000701600000, 0x0000000800000000)
  region size 2048K, 20 young (40960K), 3 survivors (6144K)
 Metaspace       used 25096K, committed 25472K, reserved 1114112K
  class space    used 3220K, committed 3392K, reserved 1048576K
}
Event: 1.777 GC heap after
{Heap after GC invocations=5 (full 0):
 garbage-first heap   total reserved 4171776K, committed 59392K, used 16487K [0x0000000701600000, 0x0000000800000000)
  region size 2048K, 5 young (10240K), 5 survivors (10240K)
 Metaspace       used 25096K, committed 25472K, reserved 1114112K
  class space    used 3220K, committed 3392K, reserved 1048576K
}
Event: 2.175 GC heap before
{Heap before GC invocations=5 (full 0):
 garbage-first heap   total reserved 4171776K, committed 59392K, used 41063K [0x0000000701600000, 0x0000000800000000)
  region size 2048K, 17 young (34816K), 5 survivors (10240K)
 Metaspace       used 27818K, committed 28288K, reserved 1114112K
  class space    used 3612K, committed 3840K, reserved 1048576K
}
Event: 2.181 GC heap after
{Heap after GC invocations=6 (full 0):
 garbage-first heap   total reserved 4171776K, committed 59392K, used 18029K [0x0000000701600000, 0x0000000800000000)
  region size 2048K, 2 young (4096K), 2 survivors (4096K)
 Metaspace       used 27818K, committed 28288K, reserved 1114112K
  class space    used 3612K, committed 3840K, reserved 1048576K
}
Event: 2.725 GC heap before
{Heap before GC invocations=6 (full 0):
 garbage-first heap   total reserved 4171776K, committed 59392K, used 44653K [0x0000000701600000, 0x0000000800000000)
  region size 2048K, 15 young (30720K), 2 survivors (4096K)
 Metaspace       used 33004K, committed 33472K, reserved 1114112K
  class space    used 4324K, committed 4544K, reserved 1048576K
}
Event: 2.728 GC heap after
{Heap after GC invocations=7 (full 0):
 garbage-first heap   total reserved 4171776K, committed 59392K, used 21098K [0x0000000701600000, 0x0000000800000000)
  region size 2048K, 2 young (4096K), 2 survivors (4096K)
 Metaspace       used 33004K, committed 33472K, reserved 1114112K
  class space    used 4324K, committed 4544K, reserved 1048576K
}
Event: 3.115 GC heap before
{Heap before GC invocations=7 (full 0):
 garbage-first heap   total reserved 4171776K, committed 59392K, used 35434K [0x0000000701600000, 0x0000000800000000)
  region size 2048K, 10 young (20480K), 2 survivors (4096K)
 Metaspace       used 35446K, committed 35968K, reserved 1114112K
  class space    used 4618K, committed 4864K, reserved 1048576K
}
Event: 3.118 GC heap after
{Heap after GC invocations=8 (full 0):
 garbage-first heap   total reserved 4171776K, committed 59392K, used 23157K [0x0000000701600000, 0x0000000800000000)
  region size 2048K, 1 young (2048K), 1 survivors (2048K)
 Metaspace       used 35446K, committed 35968K, reserved 1114112K
  class space    used 4618K, committed 4864K, reserved 1048576K
}
Event: 3.632 GC heap before
{Heap before GC invocations=9 (full 0):
 garbage-first heap   total reserved 4171776K, committed 59392K, used 45685K [0x0000000701600000, 0x0000000800000000)
  region size 2048K, 13 young (26624K), 1 survivors (2048K)
 Metaspace       used 41958K, committed 42496K, reserved 1114112K
  class space    used 5517K, committed 5760K, reserved 1048576K
}

Dll operation events (11 events):
Event: 0.009 Loaded shared library C:\Program Files\Java\jdk-22\bin\java.dll
Event: 0.100 Loaded shared library C:\Program Files\Java\jdk-22\bin\jsvml.dll
Event: 0.173 Loaded shared library C:\Program Files\Java\jdk-22\bin\net.dll
Event: 0.174 Loaded shared library C:\Program Files\Java\jdk-22\bin\nio.dll
Event: 0.176 Loaded shared library C:\Program Files\Java\jdk-22\bin\zip.dll
Event: 0.264 Loaded shared library C:\Program Files\Java\jdk-22\bin\jimage.dll
Event: 0.446 Loaded shared library C:\Program Files\Java\jdk-22\bin\management.dll
Event: 0.449 Loaded shared library C:\Program Files\Java\jdk-22\bin\management_ext.dll
Event: 0.781 Loaded shared library C:\Program Files\Java\jdk-22\bin\le.dll
Event: 1.506 Loaded shared library C:\Program Files\Java\jdk-22\bin\sunmscapi.dll
Event: 3.175 Loaded shared library C:\Program Files\Java\jdk-22\bin\extnet.dll

Deoptimization events (20 events):
Event: 3.609 Thread 0x0000023df81c6b70 Uncommon trap: trap_request=0xffffff54 fr.pc=0x0000023da253aea8 relative=0x0000000000000b08
Event: 3.609 Thread 0x0000023df81c6b70 Uncommon trap: reason=speculate_null_assert action=make_not_entrant pc=0x0000023da253aea8 method=java.util.jar.JarFile.getVersionedEntry(Ljava/lang/String;Ljava/util/jar/JarEntry;)Ljava/util/jar/JarEntry; @ 115 c2
Event: 3.609 Thread 0x0000023df81c6b70 DEOPT PACKING pc=0x0000023da253aea8 sp=0x00000059621f9860
Event: 3.609 Thread 0x0000023df81c6b70 DEOPT UNPACKING pc=0x0000023da1d046a2 sp=0x00000059621f9818 mode 2
Event: 3.609 Thread 0x0000023df81c6b70 Uncommon trap: trap_request=0xffffff45 fr.pc=0x0000023da24b3bfc relative=0x000000000000139c
Event: 3.609 Thread 0x0000023df81c6b70 Uncommon trap: reason=unstable_if action=reinterpret pc=0x0000023da24b3bfc method=java.util.jar.JarFile.getEntry(Ljava/lang/String;)Ljava/util/zip/ZipEntry; @ 15 c2
Event: 3.609 Thread 0x0000023df81c6b70 DEOPT PACKING pc=0x0000023da24b3bfc sp=0x00000059621f98e0
Event: 3.609 Thread 0x0000023df81c6b70 DEOPT UNPACKING pc=0x0000023da1d046a2 sp=0x00000059621f97a0 mode 2
Event: 3.610 Thread 0x0000023df81c6b70 Uncommon trap: trap_request=0xffffff45 fr.pc=0x0000023da2445818 relative=0x0000000000000738
Event: 3.610 Thread 0x0000023df81c6b70 Uncommon trap: reason=unstable_if action=reinterpret pc=0x0000023da2445818 method=java.util.jar.JarFile.getEntry(Ljava/lang/String;)Ljava/util/zip/ZipEntry; @ 15 c2
Event: 3.610 Thread 0x0000023df81c6b70 DEOPT PACKING pc=0x0000023da2445818 sp=0x00000059621f7e40
Event: 3.610 Thread 0x0000023df81c6b70 DEOPT UNPACKING pc=0x0000023da1d046a2 sp=0x00000059621f7da0 mode 2
Event: 3.610 Thread 0x0000023df81c6b70 Uncommon trap: trap_request=0xffffff45 fr.pc=0x0000023da2444078 relative=0x00000000000005f8
Event: 3.610 Thread 0x0000023df81c6b70 Uncommon trap: reason=unstable_if action=reinterpret pc=0x0000023da2444078 method=java.util.jar.JarFile.getEntry(Ljava/lang/String;)Ljava/util/zip/ZipEntry; @ 15 c2
Event: 3.610 Thread 0x0000023df81c6b70 DEOPT PACKING pc=0x0000023da2444078 sp=0x00000059621f7dc0
Event: 3.610 Thread 0x0000023df81c6b70 DEOPT UNPACKING pc=0x0000023da1d046a2 sp=0x00000059621f7dc8 mode 2
Event: 3.611 Thread 0x0000023df81c6b70 Uncommon trap: trap_request=0xffffff45 fr.pc=0x0000023da2484830 relative=0x0000000000001450
Event: 3.611 Thread 0x0000023df81c6b70 Uncommon trap: reason=unstable_if action=reinterpret pc=0x0000023da2484830 method=java.util.jar.JarFile.getEntry(Ljava/lang/String;)Ljava/util/zip/ZipEntry; @ 15 c2
Event: 3.611 Thread 0x0000023df81c6b70 DEOPT PACKING pc=0x0000023da2484830 sp=0x00000059621f3100
Event: 3.611 Thread 0x0000023df81c6b70 DEOPT UNPACKING pc=0x0000023da1d046a2 sp=0x00000059621f2fe0 mode 2

Classes loaded (20 events):
Event: 3.287 Loading class javax/naming/Referenceable
Event: 3.287 Loading class javax/naming/Referenceable done
Event: 3.316 Loading class java/lang/instrument/ClassFileTransformer
Event: 3.316 Loading class java/lang/instrument/ClassFileTransformer done
Event: 3.510 Loading class java/security/CodeSigner
Event: 3.510 Loading class java/security/CodeSigner done
Event: 3.594 Loading class javax/xml/stream/XMLEventReader
Event: 3.594 Loading class javax/xml/stream/XMLEventReader done
Event: 3.597 Loading class javax/xml/stream/XMLEventFactory
Event: 3.597 Loading class javax/xml/stream/XMLEventFactory done
Event: 3.597 Loading class javax/xml/stream/FactoryFinder
Event: 3.598 Loading class javax/xml/stream/FactoryFinder done
Event: 3.598 Loading class javax/xml/stream/FactoryFinder$1
Event: 3.598 Loading class javax/xml/stream/FactoryFinder$1 done
Event: 3.599 Loading class com/sun/xml/internal/stream/events/XMLEventFactoryImpl
Event: 3.599 Loading class com/sun/xml/internal/stream/events/XMLEventFactoryImpl done
Event: 3.624 Loading class java/lang/Process
Event: 3.624 Loading class java/lang/Process done
Event: 3.632 Loading class java/lang/reflect/GenericSignatureFormatError
Event: 3.632 Loading class java/lang/reflect/GenericSignatureFormatError done

Classes unloaded (0 events):
No events

Classes redefined (0 events):
No events

Internal exceptions (20 events):
Event: 2.543 Thread 0x0000023df81c6b70 Exception <a 'java/lang/NoSuchMethodError'{0x0000000703c42898}: 'java.lang.Object java.lang.invoke.DirectMethodHandle$Holder.newInvokeSpecial(java.lang.Object, java.lang.Object, java.lang.Object, int)'> (0x0000000703c42898) 
thrown [s\open\src\hotspot\share\interpreter\linkResolver.cpp, line 774]
Event: 2.543 Thread 0x0000023df81c6b70 Exception <a 'java/lang/NoSuchMethodError'{0x0000000703c46698}: 'java.lang.Object java.lang.invoke.DirectMethodHandle$Holder.invokeSpecial(java.lang.Object, java.lang.Object, java.lang.Object, java.lang.Object, int)'> (0x0000000703c46698) 
thrown [s\open\src\hotspot\share\interpreter\linkResolver.cpp, line 774]
Event: 2.544 Thread 0x0000023df81c6b70 Exception <a 'java/lang/NoSuchMethodError'{0x0000000703c49b20}: 'java.lang.Object java.lang.invoke.Invokers$Holder.linkToTargetMethod(java.lang.Object, java.lang.Object, int, java.lang.Object)'> (0x0000000703c49b20) 
thrown [s\open\src\hotspot\share\interpreter\linkResolver.cpp, line 774]
Event: 2.608 Thread 0x0000023df81c6b70 Exception <a 'java/lang/NoSuchMethodError'{0x0000000703bdce50}: 'java.lang.Object java.lang.invoke.DirectMethodHandle$Holder.invokeStaticInit(java.lang.Object, int, int, int, int)'> (0x0000000703bdce50) 
thrown [s\open\src\hotspot\share\interpreter\linkResolver.cpp, line 774]
Event: 2.630 Thread 0x0000023df81c6b70 Exception <a 'java/lang/NoSuchMethodError'{0x0000000703844c88}: 'java.lang.Object java.lang.invoke.DirectMethodHandle$Holder.invokeStaticInit(java.lang.Object, java.lang.Object, int, int, int, int)'> (0x0000000703844c88) 
thrown [s\open\src\hotspot\share\interpreter\linkResolver.cpp, line 774]
Event: 2.759 Thread 0x0000023df81c6b70 Exception <a 'sun/nio/fs/WindowsException'{0x000000070e814a30}> (0x000000070e814a30) 
thrown [s\open\src\hotspot\share\prims\jni.cpp, line 520]
Event: 2.759 Thread 0x0000023df81c6b70 Exception <a 'sun/nio/fs/WindowsException'{0x000000070e815180}> (0x000000070e815180) 
thrown [s\open\src\hotspot\share\prims\jni.cpp, line 520]
Event: 2.765 Thread 0x0000023df81c6b70 Exception <a 'java/lang/NoSuchMethodError'{0x000000070e831390}: 'int java.lang.invoke.DirectMethodHandle$Holder.invokeVirtual(java.lang.Object, java.lang.Object, java.lang.Object, java.lang.Object)'> (0x000000070e831390) 
thrown [s\open\src\hotspot\share\interpreter\linkResolver.cpp, line 774]
Event: 2.765 Thread 0x0000023df81c6b70 Exception <a 'java/lang/NoSuchMethodError'{0x000000070e834c10}: 'int java.lang.invoke.DelegatingMethodHandle$Holder.reinvoke_L(java.lang.Object, java.lang.Object, java.lang.Object, java.lang.Object)'> (0x000000070e834c10) 
thrown [s\open\src\hotspot\share\interpreter\linkResolver.cpp, line 774]
Event: 2.800 Thread 0x0000023df81c6b70 Exception <a 'java/io/FileNotFoundException'{0x000000070e93ebc0}> (0x000000070e93ebc0) 
thrown [s\open\src\hotspot\share\prims\jni.cpp, line 520]
Event: 2.858 Thread 0x0000023df81c6b70 Exception <a 'java/lang/NoSuchMethodError'{0x000000070e7816d0}: 'int java.lang.invoke.DirectMethodHandle$Holder.invokeInterface(java.lang.Object, java.lang.Object, java.lang.Object, java.lang.Object)'> (0x000000070e7816d0) 
thrown [s\open\src\hotspot\share\interpreter\linkResolver.cpp, line 774]
Event: 2.928 Thread 0x0000023df81c6b70 Exception <a 'java/lang/NoSuchMethodError'{0x00000007047e97b0}: 'long java.lang.invoke.DirectMethodHandle$Holder.invokeVirtual(java.lang.Object, java.lang.Object)'> (0x00000007047e97b0) 
thrown [s\open\src\hotspot\share\interpreter\linkResolver.cpp, line 774]
Event: 2.933 Thread 0x0000023df81c6b70 Exception <a 'java/io/FileNotFoundException'{0x0000000704413bb8}> (0x0000000704413bb8) 
thrown [s\open\src\hotspot\share\prims\jni.cpp, line 520]
Event: 2.973 Thread 0x0000023df81c6b70 Exception <a 'java/lang/NoSuchMethodError'{0x00000007045262c8}: 'void java.lang.invoke.DirectMethodHandle$Holder.invokeVirtual(java.lang.Object, java.lang.Object, long)'> (0x00000007045262c8) 
thrown [s\open\src\hotspot\share\interpreter\linkResolver.cpp, line 774]
Event: 3.061 Thread 0x0000023df81c6b70 Implicit null exception at 0x0000023da26b4633 to 0x0000023da26b4be4
Event: 3.245 Thread 0x0000023df81c6b70 Implicit null exception at 0x0000023da26da2c1 to 0x0000023da26da3f4
Event: 3.253 Thread 0x0000023df81c6b70 Exception <a 'java/lang/NoSuchMethodError'{0x000000070e6587d8}: 'java.lang.Object java.lang.invoke.DirectMethodHandle$Holder.invokeStaticInit(java.lang.Object, java.lang.Object, java.lang.Object, java.lang.Object)'> (0x000000070e6587d8) 
thrown [s\open\src\hotspot\share\interpreter\linkResolver.cpp, line 774]
Event: 3.263 Thread 0x0000023df81c6b70 Implicit null exception at 0x0000023da2474873 to 0x0000023da2474ae4
Event: 3.267 Thread 0x0000023df81c6b70 Exception <a 'java/lang/NoSuchMethodError'{0x000000070e718e58}: 'java.lang.Object java.lang.invoke.DirectMethodHandle$Holder.newInvokeSpecial(java.lang.Object, java.lang.Object, java.lang.Object, java.lang.Object, java.lang.Object, java.lang.Object, java.lang.Object, java.lang.Object, java.lang.Object, java.lang.Object, java.lang.Object, java.lang.Object)'> (0x000000070e718e58) 
thrown [s\open\src\hotspot\share\interpreter\linkResolver.cpp, line 774]
Event: 3.346 Thread 0x0000023df81c6b70 Exception <a 'java/lang/NoSuchMethodError'{0x00000007044a7560}: 'void java.lang.invoke.DelegatingMethodHandle$Holder.reinvoke_L(java.lang.Object, java.lang.Object, java.lang.Object, java.lang.Object, int, java.lang.Object, java.lang.Object, java.lang.Object)'> (0x00000007044a7560) 
thrown [s\open\src\hotspot\share\interpreter\linkResolver.cpp, line 774]

ZGC Phase Switch (0 events):
No events

VM Operations (20 events):
Event: 2.619 Executing VM operation: HandshakeAllThreads (Deoptimize) done
Event: 2.725 Executing VM operation: G1CollectForAllocation (G1 Evacuation Pause)
Event: 2.728 Executing VM operation: G1CollectForAllocation (G1 Evacuation Pause) done
Event: 2.832 Executing VM operation: HandshakeAllThreads (Deoptimize)
Event: 2.833 Executing VM operation: HandshakeAllThreads (Deoptimize) done
Event: 2.897 Executing VM operation: HandshakeAllThreads (Deoptimize)
Event: 2.897 Executing VM operation: HandshakeAllThreads (Deoptimize) done
Event: 2.936 Executing VM operation: HandshakeAllThreads (Deoptimize)
Event: 2.936 Executing VM operation: HandshakeAllThreads (Deoptimize) done
Event: 3.115 Executing VM operation: CollectForMetadataAllocation (Metadata GC Threshold)
Event: 3.118 Executing VM operation: CollectForMetadataAllocation (Metadata GC Threshold) done
Event: 3.127 Executing VM operation: G1PauseRemark
Event: 3.130 Executing VM operation: G1PauseRemark done
Event: 3.134 Executing VM operation: G1PauseCleanup
Event: 3.134 Executing VM operation: G1PauseCleanup done
Event: 3.209 Executing VM operation: HandshakeAllThreads (Deoptimize)
Event: 3.209 Executing VM operation: HandshakeAllThreads (Deoptimize) done
Event: 3.400 Executing VM operation: HandshakeAllThreads (Deoptimize)
Event: 3.400 Executing VM operation: HandshakeAllThreads (Deoptimize) done
Event: 3.632 Executing VM operation: G1CollectForAllocation (G1 Evacuation Pause)

Memory protections (0 events):
No events

Nmethod flushes (20 events):
Event: 3.130 Thread 0x0000023db1c100f0 flushing  nmethod 0x0000023d9ace3310
Event: 3.130 Thread 0x0000023db1c100f0 flushing  nmethod 0x0000023d9a860010
Event: 3.130 Thread 0x0000023db1c100f0 flushing  nmethod 0x0000023d9a860310
Event: 3.130 Thread 0x0000023db1c100f0 flushing  nmethod 0x0000023d9a860690
Event: 3.130 Thread 0x0000023db1c100f0 flushing  nmethod 0x0000023d9a860c90
Event: 3.130 Thread 0x0000023db1c100f0 flushing  nmethod 0x0000023d9a979290
Event: 3.130 Thread 0x0000023db1c100f0 flushing  nmethod 0x0000023d9aa05590
Event: 3.130 Thread 0x0000023db1c100f0 flushing  nmethod 0x0000023d9aa05f90
Event: 3.130 Thread 0x0000023db1c100f0 flushing  nmethod 0x0000023d9aa84110
Event: 3.130 Thread 0x0000023db1c100f0 flushing  nmethod 0x0000023d9aa85d10
Event: 3.130 Thread 0x0000023db1c100f0 flushing  nmethod 0x0000023d9abb5110
Event: 3.130 Thread 0x0000023db1c100f0 flushing  nmethod 0x0000023d9abb5890
Event: 3.130 Thread 0x0000023db1c100f0 flushing  nmethod 0x0000023d9abb5e90
Event: 3.130 Thread 0x0000023db1c100f0 flushing  nmethod 0x0000023d9abb6a10
Event: 3.130 Thread 0x0000023db1c100f0 flushing  nmethod 0x0000023d9abb7090
Event: 3.130 Thread 0x0000023db1c100f0 flushing  nmethod 0x0000023d9abb7b90
Event: 3.130 Thread 0x0000023db1c100f0 flushing  nmethod 0x0000023d9abb8390
Event: 3.130 Thread 0x0000023db1c100f0 flushing  nmethod 0x0000023d9abbbd10
Event: 3.130 Thread 0x0000023db1c100f0 flushing  nmethod 0x0000023d9ad02090
Event: 3.130 Thread 0x0000023db1c100f0 flushing  nmethod 0x0000023d9add4410

Events (20 events):
Event: 0.169 Thread 0x0000023d901c2370 Thread added: 0x0000023db236efd0
Event: 0.194 Thread 0x0000023db218e3b0 Thread added: 0x0000023db21d4180
Event: 0.197 Thread 0x0000023db21d11d0 Thread added: 0x0000023db21d1f70
Event: 0.316 Thread 0x0000023db21d11d0 Thread added: 0x0000023db21d33e0
Event: 0.316 Thread 0x0000023db21d33e0 Thread added: 0x0000023db21d2640
Event: 0.488 Thread 0x0000023d901c2370 Thread added: 0x0000023df81996f0
Event: 0.492 Thread 0x0000023df81996f0 Thread added: 0x0000023df81c6b70
Event: 0.827 Thread 0x0000023db21d33e0 Thread added: 0x0000023db21d4850
Event: 0.827 Thread 0x0000023db21d33e0 Thread added: 0x0000023db21d2d10
Event: 0.912 Thread 0x0000023df81c6b70 Thread added: 0x0000023df869e680
Event: 1.268 Thread 0x0000023df81c6b70 Thread added: 0x0000023dfacbb7e0
Event: 1.346 Thread 0x0000023dfacbb7e0 Thread exited: 0x0000023dfacbb7e0
Event: 1.516 Thread 0x0000023df869e680 Thread exited: 0x0000023df869e680
Event: 2.682 Thread 0x0000023db21d2640 Thread added: 0x0000023dfcb31280
Event: 2.942 Thread 0x0000023df81c6b70 Thread added: 0x0000023dfced52d0
Event: 2.943 Thread 0x0000023dfced52d0 Thread added: 0x0000023dfc1eca80
Event: 2.948 Thread 0x0000023df81c6b70 Thread added: 0x0000023dfb263800
Event: 3.021 Thread 0x0000023df81c6b70 Thread added: 0x0000023df8656e90
Event: 3.246 Thread 0x0000023df81c6b70 Thread added: 0x0000023df8655ae0
Event: 3.359 Thread 0x0000023df8655ae0 Thread added: 0x0000023df8656800


Dynamic libraries:
0x00007ff6cfe90000 - 0x00007ff6cfea0000 	C:\Program Files\Java\jdk-22\bin\java.exe
0x00007ffc9dc40000 - 0x00007ffc9dea9000 	C:\WINDOWS\SYSTEM32\ntdll.dll
0x00007ffc9bff0000 - 0x00007ffc9c0b9000 	C:\WINDOWS\System32\KERNEL32.DLL
0x00007ffc9b020000 - 0x00007ffc9b413000 	C:\WINDOWS\System32\KERNELBASE.dll
0x00007ffc9b6d0000 - 0x00007ffc9b81b000 	C:\WINDOWS\System32\ucrtbase.dll
0x00007ffc95e70000 - 0x00007ffc95e87000 	C:\Program Files\Java\jdk-22\bin\jli.dll
0x00007ffc89ec0000 - 0x00007ffc89edb000 	C:\Program Files\Java\jdk-22\bin\VCRUNTIME140.dll
0x00007ffc9cb70000 - 0x00007ffc9cd34000 	C:\WINDOWS\System32\USER32.dll
0x00007ffc9ae70000 - 0x00007ffc9ae97000 	C:\WINDOWS\System32\win32u.dll
0x00007ffc863c0000 - 0x00007ffc86653000 	C:\WINDOWS\WinSxS\amd64_microsoft.windows.common-controls_6595b64144ccf1df_6.0.26100.5074_none_3e0d6f78e32fd63f\COMCTL32.dll
0x00007ffc9d040000 - 0x00007ffc9d06b000 	C:\WINDOWS\System32\GDI32.dll
0x00007ffc9cf90000 - 0x00007ffc9d039000 	C:\WINDOWS\System32\msvcrt.dll
0x00007ffc9b820000 - 0x00007ffc9b94d000 	C:\WINDOWS\System32\gdi32full.dll
0x00007ffc9b620000 - 0x00007ffc9b6c3000 	C:\WINDOWS\System32\msvcp_win.dll
0x00007ffc9cf50000 - 0x00007ffc9cf7f000 	C:\WINDOWS\System32\IMM32.DLL
0x00007ffc89ce0000 - 0x00007ffc89cec000 	C:\Program Files\Java\jdk-22\bin\vcruntime140_1.dll
0x00007ffc52820000 - 0x00007ffc528ae000 	C:\Program Files\Java\jdk-22\bin\msvcp140.dll
0x00007ffc2fd50000 - 0x00007ffc30a99000 	C:\Program Files\Java\jdk-22\bin\server\jvm.dll
0x00007ffc9be30000 - 0x00007ffc9bee4000 	C:\WINDOWS\System32\ADVAPI32.dll
0x00007ffc9cea0000 - 0x00007ffc9cf46000 	C:\WINDOWS\System32\sechost.dll
0x00007ffc9c0c0000 - 0x00007ffc9c1d8000 	C:\WINDOWS\System32\RPCRT4.dll
0x00007ffc9ce20000 - 0x00007ffc9ce94000 	C:\WINDOWS\System32\WS2_32.dll
0x00007ffc9a600000 - 0x00007ffc9a65e000 	C:\WINDOWS\SYSTEM32\POWRPROF.dll
0x00007ffc955d0000 - 0x00007ffc955db000 	C:\WINDOWS\SYSTEM32\VERSION.dll
0x00007ffc93650000 - 0x00007ffc93685000 	C:\WINDOWS\SYSTEM32\WINMM.dll
0x00007ffc9a5b0000 - 0x00007ffc9a5c4000 	C:\WINDOWS\SYSTEM32\UMPDC.dll
0x00007ffc99bb0000 - 0x00007ffc99bcb000 	C:\WINDOWS\SYSTEM32\kernel.appcore.dll
0x00007ffc89c70000 - 0x00007ffc89c7a000 	C:\Program Files\Java\jdk-22\bin\jimage.dll
0x00007ffc94260000 - 0x00007ffc944a2000 	C:\WINDOWS\SYSTEM32\DBGHELP.DLL
0x00007ffc9c670000 - 0x00007ffc9c9eb000 	C:\WINDOWS\System32\combase.dll
0x00007ffc9cd40000 - 0x00007ffc9ce17000 	C:\WINDOWS\System32\OLEAUT32.dll
0x00007ffc88e00000 - 0x00007ffc88e3d000 	C:\WINDOWS\SYSTEM32\dbgcore.DLL
0x00007ffc9add0000 - 0x00007ffc9ae69000 	C:\WINDOWS\System32\bcryptPrimitives.dll
0x00007ffc89cc0000 - 0x00007ffc89cde000 	C:\Program Files\Java\jdk-22\bin\java.dll
0x00007ffc9d350000 - 0x00007ffc9da9d000 	C:\WINDOWS\System32\SHELL32.dll
0x00007ffc9b420000 - 0x00007ffc9b58c000 	C:\WINDOWS\System32\wintypes.dll
0x00007ffc9ba10000 - 0x00007ffc9bba8000 	C:\WINDOWS\System32\ole32.dll
0x00007ffc98a70000 - 0x00007ffc992c9000 	C:\WINDOWS\SYSTEM32\windows.storage.dll
0x00007ffc9d070000 - 0x00007ffc9d160000 	C:\WINDOWS\System32\SHCORE.dll
0x00007ffc9cb00000 - 0x00007ffc9cb62000 	C:\WINDOWS\System32\shlwapi.dll
0x00007ffc9acf0000 - 0x00007ffc9ad19000 	C:\WINDOWS\SYSTEM32\profapi.dll
0x00007ffc55e20000 - 0x00007ffc55ef7000 	C:\Program Files\Java\jdk-22\bin\jsvml.dll
0x00007ffc89c60000 - 0x00007ffc89c70000 	C:\Program Files\Java\jdk-22\bin\net.dll
0x00007ffc9a130000 - 0x00007ffc9a19b000 	C:\WINDOWS\system32\mswsock.dll
0x00007ffc89600000 - 0x00007ffc89616000 	C:\Program Files\Java\jdk-22\bin\nio.dll
0x00007ffc72cc0000 - 0x00007ffc72cd7000 	C:\Program Files\Java\jdk-22\bin\zip.dll
0x00007ffc706b0000 - 0x00007ffc706ba000 	C:\Program Files\Java\jdk-22\bin\management.dll
0x00007ffc5ea00000 - 0x00007ffc5ea0b000 	C:\Program Files\Java\jdk-22\bin\management_ext.dll
0x00007ffc9be10000 - 0x00007ffc9be18000 	C:\WINDOWS\System32\PSAPI.DLL
0x00007ffc95e50000 - 0x00007ffc95e5b000 	C:\Program Files\Java\jdk-22\bin\le.dll
0x00007ffc826d0000 - 0x00007ffc826de000 	C:\Program Files\Java\jdk-22\bin\sunmscapi.dll
0x00007ffc9aea0000 - 0x00007ffc9b017000 	C:\WINDOWS\System32\CRYPT32.dll
0x00007ffc9a710000 - 0x00007ffc9a740000 	C:\WINDOWS\SYSTEM32\ncrypt.dll
0x00007ffc9a6c0000 - 0x00007ffc9a6ff000 	C:\WINDOWS\SYSTEM32\NTASN1.dll
0x00007ffc9a450000 - 0x00007ffc9a46b000 	C:\WINDOWS\SYSTEM32\CRYPTSP.dll
0x00007ffc99b10000 - 0x00007ffc99b4b000 	C:\WINDOWS\system32\rsaenh.dll
0x00007ffc9a1d0000 - 0x00007ffc9a1fb000 	C:\WINDOWS\SYSTEM32\USERENV.dll
0x00007ffc9acc0000 - 0x00007ffc9ace6000 	C:\WINDOWS\SYSTEM32\bcrypt.dll
0x00007ffc9a440000 - 0x00007ffc9a44c000 	C:\WINDOWS\SYSTEM32\CRYPTBASE.dll
0x00007ffc995d0000 - 0x00007ffc99604000 	C:\WINDOWS\SYSTEM32\IPHLPAPI.DLL
0x00007ffc9caf0000 - 0x00007ffc9cafa000 	C:\WINDOWS\System32\NSI.dll
0x00007ffc99660000 - 0x00007ffc99786000 	C:\WINDOWS\SYSTEM32\DNSAPI.dll
0x00007ffc93400000 - 0x00007ffc9340b000 	C:\Windows\System32\rasadhlp.dll
0x00007ffc93850000 - 0x00007ffc938d6000 	C:\WINDOWS\System32\fwpuclnt.dll
0x00007ffc72a40000 - 0x00007ffc72a49000 	C:\Program Files\Java\jdk-22\bin\extnet.dll

dbghelp: loaded successfully - version: 4.0.5 - missing functions: none
symbol engine: initialized successfully - sym options: 0x614 - pdb path: .;C:\Program Files\Java\jdk-22\bin;C:\WINDOWS\SYSTEM32;C:\WINDOWS\WinSxS\amd64_microsoft.windows.common-controls_6595b64144ccf1df_6.0.26100.5074_none_3e0d6f78e32fd63f;C:\Program Files\Java\jdk-22\bin\server

VM Arguments:
java_command: com.reminderU.reminderU.ReminderUApplication
java_class_path (initial): C:\Users\danie\Desktop\RecordatorioU avanazadaPasar\RecordatorioU (5)\RecordatorioU\target\classes;C:\Users\danie\.m2\repository\org\springframework\boot\spring-boot-starter-web\3.5.5\spring-boot-starter-web-3.5.5.jar;C:\Users\danie\.m2\repository\org\springframework\boot\spring-boot-starter\3.5.5\spring-boot-starter-3.5.5.jar;C:\Users\danie\.m2\repository\org\springframework\boot\spring-boot-starter-logging\3.5.5\spring-boot-starter-logging-3.5.5.jar;C:\Users\danie\.m2\repository\ch\qos\logback\logback-classic\1.5.18\logback-classic-1.5.18.jar;C:\Users\danie\.m2\repository\ch\qos\logback\logback-core\1.5.18\logback-core-1.5.18.jar;C:\Users\danie\.m2\repository\org\apache\logging\log4j\log4j-to-slf4j\2.24.3\log4j-to-slf4j-2.24.3.jar;C:\Users\danie\.m2\repository\org\apache\logging\log4j\log4j-api\2.24.3\log4j-api-2.24.3.jar;C:\Users\danie\.m2\repository\org\slf4j\jul-to-slf4j\2.0.17\jul-to-slf4j-2.0.17.jar;C:\Users\danie\.m2\repository\jakarta\annotation\jakarta.annotation-api\2.1.1\jakarta.annotation-api-2.1.1.jar;C:\Users\danie\.m2\repository\org\yaml\snakeyaml\2.4\snakeyaml-2.4.jar;C:\Users\danie\.m2\repository\org\springframework\boot\spring-boot-starter-json\3.5.5\spring-boot-starter-json-3.5.5.jar;C:\Users\danie\.m2\repository\com\fasterxml\jackson\core\jackson-databind\2.19.2\jackson-databind-2.19.2.jar;C:\Users\danie\.m2\repository\com\fasterxml\jackson\core\jackson-annotations\2.19.2\jackson-annotations-2.19.2.jar;C:\Users\danie\.m2\repository\com\fasterxml\jackson\core\jackson-core\2.19.2\jackson-core-2.19.2.jar;C:\Users\danie\.m2\repository\com\fasterxml\jackson\datatype\jackson-datatype-jdk8\2.19.2\jackson-datatype-jdk8-2.19.2.jar;C:\Users\danie\.m2\repository\com\fasterxml\jackson\datatype\jackson-datatype-jsr310\2.19.2\jackson-datatype-jsr310-2.19.2.jar;C:\Users\danie\.m2\repository\com\fasterxml\jackson\module\jackson-module-parameter-names\2.19.2\jackson-module-parameter-names-2.19.2.jar;C:\Users\danie\.m2\repository\org\springframework\boot\spring-boot-starter-tomcat\3.5.5\spring-boot-starter-tomcat-3.5.5.jar;C:\Users\danie\.m2\repository\org\apache\tomcat\embed\tomcat-embed-core\10.1.44\tomcat-embed-core-10.1.44.jar;C:\Users\danie\.m2\repository\org\apache\tomcat\embed\tomcat-embed-websocket\10.1.44\tomcat-embed-websocket-10.1.44.jar;C:\Users\danie\.m2\repository\org\springframework\spring-web\6.2.10\spring-web-6.2.10.jar;C:\Users\danie\.m2\repository\org\springframework\spring-beans\6.2.10\spring-beans-6.2.10.jar;C:\Users\danie\.m2\repository\io\micrometer\micrometer-observation\1.15.3\micrometer-observation-1.15.3.jar;C:\Users\danie\.m2\repository\io\micrometer\micrometer-commons\1.15.3\micrometer-commons-1.15.3.jar;C:\Users\danie\.m2\repository\org\springframework\spring-webmvc\6.2.10\spring-webmvc-6.2.10.jar;C:\Users\danie\.m2\repository\org\springframework\spring-context\6.2.10\spring-context-6.2.10.jar;C:\Users\danie\.m2\repository\org\springframework\spring-expression\6.2.10\spring-expression-6.2.10.jar;C:\Users\danie\.m2\repository\org\springframework\boot\spring-boot-starter-thymeleaf\3.5.5\spring-boot-starter-thymeleaf-3.5.5.jar;C:\Users\danie\.m2\repository\org\thymeleaf\thymeleaf-spring6\3.1.3.RELEASE\thymeleaf-spring6-3.1.3.RELEASE.jar;C:\Users\danie\.m2\repository\org\thymeleaf\thymeleaf\3.1.3.RELEASE\thymeleaf-3.1.3.RELEASE.jar;C:\Users\danie\.m2\repository\org\attoparser\attoparser\2.0.7.RELEASE\attoparser-2.0.7.RELEASE.jar;C:\Users\danie\.m2\repository\org\unbescape\unbescape\1.1.6.RELEASE\unbescape-1.1.6.RELEASE.jar;C:\Users\danie\.m2\repository\org\springframework\boot\spring-boot-starter-data-jpa\3.5.5\spring-boot-starter-data-jpa-3.5.5.jar;C:\Users\danie\.m2\repository\org\springframework\boot\spring-boot-starter-jdbc\3.5.5\spring-boot-starter-jdbc-3.5.5.jar;C:\Users\danie\.m2\repository\com\zaxxer\HikariCP\6.3.2\HikariCP-6.3.2.jar;C:\Users\danie\.m2\repository\org\springframework\spring-jdbc\6.2.10\spring-jdbc-6.2.10.jar;C:\Users\danie\.m2\repository\org\hibernate\orm\hibernate-core\6.6.26.Final\hibernate-core-6.6.26.Final.jar;C:\Users\danie\.m2\repository\jakarta\persistence\jakarta.persistence-api\3.1.0\jakarta.persistence-api-3.1.0.jar;C:\Users\danie\.m2\repository\jakarta\transaction\jakarta.transaction-api\2.0.1\jakarta.transaction-api-2.0.1.jar;C:\Users\danie\.m2\repository\org\jboss\logging\jboss-logging\3.6.1.Final\jboss-logging-3.6.1.Final.jar;C:\Users\danie\.m2\repository\org\hibernate\common\hibernate-commons-annotations\7.0.3.Final\hibernate-commons-annotations-7.0.3.Final.jar;C:\Users\danie\.m2\repository\io\smallrye\jandex\3.2.0\jandex-3.2.0.jar;C:\Users\danie\.m2\repository\com\fasterxml\classmate\1.7.0\classmate-1.7.0.jar;C:\Users\danie\.m2\repository\net\bytebuddy\byte-buddy\1.17.7\byte-buddy-1.17.7.jar;C:\Users\danie\.m2\repository\org\glassfish\jaxb\jaxb-runtime\4.0.5\jaxb-runtime-4.0.5.jar;C:\Users\danie\.m2\repository\org\glassfish\jaxb\jaxb-core\4.0.5\jaxb-core-4.0.5.jar;C:\Users\danie\.m2\repository\org\glassfish\jaxb\txw2\4.0.5\txw2-4.0.5.jar;C:\Users\danie\.m2\repository\com\sun\istack\istack-commons-runtime\4.1.2\istack-commons-runtime-4.1.2.jar;C:\Users\danie\.m2\repository\jakarta\inject\jakarta.inject-api\2.0.1\jakarta.inject-api-2.0.1.jar;C:\Users\danie\.m2\repository\org\antlr\antlr4-runtime\4.13.0\antlr4-runtime-4.13.0.jar;C:\Users\danie\.m2\repository\org\springframework\data\spring-data-jpa\3.5.3\spring-data-jpa-3.5.3.jar;C:\Users\danie\.m2\repository\org\springframework\data\spring-data-commons\3.5.3\spring-data-commons-3.5.3.jar;C:\Users\danie\.m2\repository\org\springframework\spring-orm\6.2.10\spring-orm-6.2.10.jar;C:\Users\danie\.m2\repository\org\springframework\spring-tx\6.2.10\spring-tx-6.2.10.jar;C:\Users\danie\.m2\repository\org\springframework\spring-aspects\6.2.10\spring-aspects-6.2.10.jar;C:\Users\danie\.m2\repository\org\aspectj\aspectjweaver\1.9.24\aspectjweaver-1.9.24.jar;C:\Users\danie\.m2\repository\com\mysql\mysql-connector-j\8.1.0\mysql-connector-j-8.1.0.jar;C:\Users\danie\.m2\repository\org\springframework\boot\spring-boot-starter-mail\3.5.5\spring-boot-starter-mail-3.5.5.jar;C:\Users\danie\.m2\repository\org\springframework\spring-context-support\6.2.10\spring-context-support-6.2.10.jar;C:\Users\danie\.m2\repository\org\eclipse\angus\jakarta.mail\2.0.4\jakarta.mail-2.0.4.jar;C:\Users\danie\.m2\repository\jakarta\activation\jakarta.activation-api\2.1.3\jakarta.activation-api-2.1.3.jar;C:\Users\danie\.m2\repository\org\eclipse\angus\angus-activation\2.0.2\angus-activation-2.0.2.jar;C:\Users\danie\.m2\repository\org\springframework\boot\spring-boot-starter-security\3.5.5\spring-boot-starter-security-3.5.5.jar;C:\Users\danie\.m2\repository\org\springframework\spring-aop\6.2.10\spring-aop-6.2.10.jar;C:\Users\danie\.m2\repository\org\springframework\security\spring-security-config\6.5.3\spring-security-config-6.5.3.jar;C:\Users\danie\.m2\repository\org\springframework\security\spring-security-web\6.5.3\spring-security-web-6.5.3.jar;C:\Users\danie\.m2\repository\org\thymeleaf\extras\thymeleaf-extras-springsecurity6\3.1.3.RELEASE\thymeleaf-extras-springsecurity6-3.1.3.RELEASE.jar;C:\Users\danie\.m2\repository\org\slf4j\slf4j-api\2.0.17\slf4j-api-2.0.17.jar;C:\Users\danie\.m2\repository\org\springframework\security\spring-security-oauth2-client\6.5.3\spring-security-oauth2-client-6.5.3.jar;C:\Users\danie\.m2\repository\org\springframework\security\spring-security-core\6.5.3\spring-security-core-6.5.3.jar;C:\Users\danie\.m2\repository\org\springframework\security\spring-security-crypto\6.5.3\spring-security-crypto-6.5.3.jar;C:\Users\danie\.m2\repository\org\springframework\security\spring-security-oauth2-core\6.5.3\spring-security-oauth2-core-6.5.3.jar;C:\Users\danie\.m2\repository\org\springframework\spring-core\6.2.10\spring-core-6.2.10.jar;C:\Users\danie\.m2\repository\org\springframework\spring-jcl\6.2.10\spring-jcl-6.2.10.jar;C:\Users\danie\.m2\repository\com\nimbusds\oauth2-oidc-sdk\9.43.6\oauth2-oidc-sdk-9.43.6.jar;C:\Users\danie\.m2\repository\com\github\stephenc\jcip\jcip-annotations\1.0-1\jcip-annotations-1.0-1.jar;C:\Users\danie\.m2\repository\com\nimbusds\content-type\2.2\content-type-2.2.jar;C:\Users\danie\.m2\repository\com\nimbusds\lang-tag\1.7\lang-tag-1.7.jar;C:\Users\danie\.m2\repository\com\nimbusds\nimbus-jose-jwt\9.37.3\nimbus-jose-jwt-9.37.3.jar;C:\Users\danie\.m2\repository\org\springframework\boot\spring-boot-starter-validation\3.5.5\spring-boot-starter-validation-3.5.5.jar;C:\Users\danie\.m2\repository\org\apache\tomcat\embed\tomcat-embed-el\10.1.44\tomcat-embed-el-10.1.44.jar;C:\Users\danie\.m2\repository\org\hibernate\validator\hibernate-validator\8.0.3.Final\hibernate-validator-8.0.3.Final.jar;C:\Users\danie\.m2\repository\jakarta\validation\jakarta.validation-api\3.0.2\jakarta.validation-api-3.0.2.jar;C:\Users\danie\.m2\repository\org\springframework\boot\spring-boot-devtools\3.5.5\spring-boot-devtools-3.5.5.jar;C:\Users\danie\.m2\repository\org\springframework\boot\spring-boot\3.5.5\spring-boot-3.5.5.jar;C:\Users\danie\.m2\repository\org\springframework\boot\spring-boot-autoconfigure\3.5.5\spring-boot-autoconfigure-3.5.5.jar;C:\Users\danie\.m2\repository\jakarta\xml\bind\jakarta.xml.bind-api\4.0.2\jakarta.xml.bind-api-4.0.2.jar;C:\Users\danie\.m2\repository\net\minidev\json-smart\2.5.2\json-smart-2.5.2.jar;C:\Users\danie\.m2\repository\net\minidev\accessors-smart\2.5.2\accessors-smart-2.5.2.jar;C:\Users\danie\.m2\repository\org\ow2\asm\asm\9.7.1\asm-9.7.1.jar
Launcher Type: SUN_STANDARD

[Global flags]
     intx CICompilerCount                          = 12                                        {product} {ergonomic}
     uint ConcGCThreads                            = 3                                         {product} {ergonomic}
     uint G1ConcRefinementThreads                  = 13                                        {product} {ergonomic}
   size_t G1HeapRegionSize                         = 2097152                                   {product} {ergonomic}
   size_t InitialHeapSize                          = 268435456                                 {product} {ergonomic}
   size_t MarkStackSize                            = 4194304                                   {product} {ergonomic}
   size_t MaxHeapSize                              = 4271898624                                {product} {ergonomic}
   size_t MaxNewSize                               = 2562719744                                {product} {ergonomic}
   size_t MinHeapDeltaBytes                        = 2097152                                   {product} {ergonomic}
   size_t MinHeapSize                              = 8388608                                   {product} {ergonomic}
    uintx NonNMethodCodeHeapSize                   = 7602480                                {pd product} {ergonomic}
    uintx NonProfiledCodeHeapSize                  = 122027880                              {pd product} {ergonomic}
    uintx ProfiledCodeHeapSize                     = 122027880                              {pd product} {ergonomic}
    uintx ReservedCodeCacheSize                    = 251658240                              {pd product} {ergonomic}
     bool SegmentedCodeCache                       = true                                      {product} {ergonomic}
   size_t SoftMaxHeapSize                          = 4271898624                             {manageable} {ergonomic}
     bool UseCompressedOops                        = true                           {product lp64_product} {ergonomic}
     bool UseG1GC                                  = true                                      {product} {ergonomic}
     bool UseLargePagesIndividualAllocation        = false                                  {pd product} {ergonomic}

Logging:
Log output configuration:
 #0: stdout all=warning uptime,level,tags foldmultilines=false
 #1: stderr all=off uptime,level,tags foldmultilines=false

Environment Variables:
JAVA_HOME=C:\Program Files\Java\jdk-22
PATH=C:\Program Files\PlasticSCM5\server;C:\Program Files\PlasticSCM5\client;C:\Program Files\Common Files\Oracle\Java\javapath;C:\Program Files (x86)\Common Files\Oracle\Java\java8path;C:\Program Files (x86)\Common Files\Oracle\Java\javapath;C:\WINDOWS\system32;C:\WINDOWS;C:\WINDOWS\System32\Wbem;C:\WINDOWS\System32\WindowsPowerShell\v1.0\;C:\WINDOWS\System32\OpenSSH\;C:\Program Files\dotnet\;C:\Program Files\Java\jdk-17\bin;C:\Program Files\Git\cmd;C:\Program Files (x86)\Microsoft SQL Server\160\Tools\Binn\;C:\Program Files\Microsoft SQL Server\160\Tools\Binn\;C:\Program Files\Microsoft SQL Server\Client SDK\ODBC\170\Tools\Binn\;C:\Program Files\Microsoft SQL Server\160\DTS\Binn\;C:\Program Files (x86)\Microsoft SQL Server\160\DTS\Binn\;C:\Program Files\Microsoft SQL Server\150\Tools\Binn\;C:\Users\danie\Downloads\apache-maven-3.9.11-bin\apache-maven-3.9.11\bin;C:\Users\danie\AppData\Local\Programs\Python\Launcher\;C:\Users\danie\AppData\Local\Microsoft\WindowsApps;C:\Users\danie\AppData\Local\Programs\Microsoft VS Code\bin;C:\Program Files\Java\jdk-17\bin;C:\Users\danie\AppData\Local\GitHubDesktop\bin;C:\Users\danie\Downloads\apache-maven-3.9.11-bin\apache-maven-3.9.11\bin;C:\Users\danie\.dotnet\tools
USERNAME=danie
OS=Windows_NT
PROCESSOR_IDENTIFIER=AMD64 Family 23 Model 113 Stepping 0, AuthenticAMD
TMP=C:\Users\danie\AppData\Local\Temp
TEMP=C:\Users\danie\AppData\Local\Temp




Periodic native trim disabled

---------------  S Y S T E M  ---------------

OS:
 Windows 11 , 64 bit Build 26100 (10.0.26100.5074)
OS uptime: 0 days 4:53 hours

CPU: total 16 (initial active 16) (16 cores per cpu, 2 threads per core) family 23 model 113 stepping 0 microcode 0x8701021, cx8, cmov, fxsr, ht, mmx, 3dnowpref, sse, sse2, sse3, ssse3, sse4a, sse4.1, sse4.2, popcnt, lzcnt, tsc, tscinvbit, avx, avx2, aes, clmul, bmi1, bmi2, adx, sha, fma, vzeroupper, clflush, clflushopt, rdtscp, rdpid, f16c
Processor Information for all 16 processors :
  Max Mhz: 3600, Current Mhz: 3600, Mhz Limit: 3600

Memory: 4k page, system-wide physical 16294M (2278M free)
TotalPageFile size 37466M (AvailPageFile size 52M)
current process WorkingSet (physical memory assigned to process): 264M, peak: 278M
current process commit charge ("private bytes"): 309M, peak: 450M

vm_info: Java HotSpot(TM) 64-Bit Server VM (22.0.2+9-70) for windows-amd64 JRE (22.0.2+9-70), built on 2024-06-04T16:52:23Z by "mach5one" with MS VC++ 17.6 (VS2022)

END.
